C:\USERS\USER1\DESKTOP\DX-BALL\DX-BALL\DEBUG\DX-BALL.OBJ
C:\USERS\USER1\DESKTOP\DX-BALL\DX-BALL\DEBUG\VC110.PDB
C:\USERS\USER1\DESKTOP\DX-BALL\DEBUG\DX-BALL.ILK
C:\USERS\USER1\DESKTOP\DX-BALL\DEBUG\DX-BALL.EXE
C:\USERS\USER1\DESKTOP\DX-BALL\DEBUG\DX-BALL.PDB
C:\Users\user1\Desktop\DX-BALL\DX-BALL\Debug\DX-BALL.obj
C:\Users\user1\Desktop\DX-BALL\DX-BALL\Debug\cl.command.1.tlog
C:\Users\user1\Desktop\DX-BALL\DX-BALL\Debug\CL.read.1.tlog
C:\Users\user1\Desktop\DX-BALL\DX-BALL\Debug\CL.write.1.tlog
C:\Users\user1\Desktop\DX-BALL\DX-BALL\Debug\link-cvtres.read.1.tlog
C:\Users\user1\Desktop\DX-BALL\DX-BALL\Debug\link-cvtres.write.1.tlog
C:\Users\user1\Desktop\DX-BALL\DX-BALL\Debug\link-rc.read.1.tlog
C:\Users\user1\Desktop\DX-BALL\DX-BALL\Debug\link-rc.write.1.tlog
C:\Users\user1\Desktop\DX-BALL\DX-BALL\Debug\link.command.1.tlog
C:\Users\user1\Desktop\DX-BALL\DX-BALL\Debug\link.read.1.tlog
C:\Users\user1\Desktop\DX-BALL\DX-BALL\Debug\link.write.1.tlog
C:\Users\user1\Desktop\DX-BALL\DX-BALL\Debug\vc110.idb
C:\Users\user1\Desktop\DX-BALL\DX-BALL\Debug\vc110.pdb
C:\Users\user1\Desktop\DX-BALL\Debug\DX-BALL.pdb
C:\Users\user1\Desktop\DX-BALL\Debug\DX-BALL.exe
C:\Users\user1\Desktop\DX-BALL\Debug\DX-BALL.ilk
